<?xml version="1.0" encoding="UTF-8"?>
<!-- Generated by org.testng.reporters.JUnitReportReporter -->
<testsuite hostname="amin-virtual-machine" failures="0" tests="2" name="com.marriott.ui.tests.regressionTests.DashboardTest" time="47.799" errors="0" timestamp="2026-07-02T00:44:43 EDT" skipped="0">
  <testcase classname="com.marriott.ui.tests.regressionTests.DashboardTest" name="verifyDashboardPageTitle" time="20.449"/>
  <testcase classname="com.marriott.ui.tests.regressionTests.DashboardTest" name="verifyDashboardHeaderLogoIsDisplayed" time="27.350"/>
</testsuite> <!-- com.marriott.ui.tests.regressionTests.DashboardTest -->
