<?xml version="1.0" encoding="UTF-8"?>
<!-- Generated by org.testng.reporters.JUnitXMLReporter -->
<testsuite ignored="0" hostname="amin-virtual-machine" failures="0" tests="2" name="Dashboard Regression Tests" time="47.987" errors="0" timestamp="2026-07-02T00:44:43 EDT">
  <testcase classname="com.marriott.ui.tests.regressionTests.DashboardTest" name="verifyDashboardPageTitle" time="0.635"/>
  <testcase classname="com.marriott.ui.tests.regressionTests.DashboardTest" name="verifyDashboardHeaderLogoIsDisplayed" time="4.651"/>
</testsuite> <!-- Dashboard Regression Tests -->
