<?xml version="1.0" encoding="UTF-8"?>
<testng-results ignored="0" total="2" passed="2" failed="0" skipped="0">
  <reporter-output>
  </reporter-output>
  <suite started-at="2026-07-02T00:43:55 EDT" name="Marriott UI Regression Test Suite" finished-at="2026-07-02T00:44:43 EDT" duration-ms="47987">
    <groups>
      <group name="Regression">
        <method signature="DashboardTest.verifyDashboardPageTitle()[pri:1, instance:com.marriott.ui.tests.regressionTests.DashboardTest@30b7c004]" name="verifyDashboardPageTitle" class="com.marriott.ui.tests.regressionTests.DashboardTest"/>
        <method signature="DashboardTest.verifyDashboardHeaderLogoIsDisplayed()[pri:2, instance:com.marriott.ui.tests.regressionTests.DashboardTest@30b7c004]" name="verifyDashboardHeaderLogoIsDisplayed" class="com.marriott.ui.tests.regressionTests.DashboardTest"/>
      </group> <!-- Regression -->
    </groups>
    <test started-at="2026-07-02T00:43:55 EDT" name="Dashboard Regression Tests" finished-at="2026-07-02T00:44:43 EDT" duration-ms="47987">
      <class name="com.marriott.ui.tests.regressionTests.DashboardTest">
        <test-method is-config="true" signature="setUp()[pri:0, instance:com.marriott.ui.tests.regressionTests.DashboardTest@30b7c004]" started-at="2026-07-02T00:43:55 EDT" name="setUp" finished-at="2026-07-02T00:44:17 EDT" duration-ms="21964" status="PASS">
          <reporter-output>
          </reporter-output>
        </test-method> <!-- setUp -->
        <test-method is-config="true" signature="initializePageObjects()[pri:0, instance:com.marriott.ui.tests.regressionTests.DashboardTest@30b7c004]" started-at="2026-07-02T00:44:17 EDT" name="initializePageObjects" finished-at="2026-07-02T00:44:17 EDT" duration-ms="116" status="PASS">
          <reporter-output>
          </reporter-output>
        </test-method> <!-- initializePageObjects -->
        <test-method signature="verifyDashboardPageTitle()[pri:1, instance:com.marriott.ui.tests.regressionTests.DashboardTest@30b7c004]" started-at="2026-07-02T00:44:17 EDT" name="verifyDashboardPageTitle" description="Verify the Marriott Bonvoy Dashboard page title." finished-at="2026-07-02T00:44:18 EDT" duration-ms="635" status="PASS">
          <reporter-output>
          </reporter-output>
        </test-method> <!-- verifyDashboardPageTitle -->
        <test-method is-config="true" signature="tearDown()[pri:0, instance:com.marriott.ui.tests.regressionTests.DashboardTest@30b7c004]" started-at="2026-07-02T00:44:18 EDT" name="tearDown" finished-at="2026-07-02T00:44:19 EDT" duration-ms="619" status="PASS">
          <reporter-output>
          </reporter-output>
        </test-method> <!-- tearDown -->
        <test-method is-config="true" signature="setUp()[pri:0, instance:com.marriott.ui.tests.regressionTests.DashboardTest@30b7c004]" started-at="2026-07-02T00:44:19 EDT" name="setUp" finished-at="2026-07-02T00:44:38 EDT" duration-ms="19274" status="PASS">
          <reporter-output>
          </reporter-output>
        </test-method> <!-- setUp -->
        <test-method is-config="true" signature="initializePageObjects()[pri:0, instance:com.marriott.ui.tests.regressionTests.DashboardTest@30b7c004]" started-at="2026-07-02T00:44:38 EDT" name="initializePageObjects" finished-at="2026-07-02T00:44:38 EDT" duration-ms="4" status="PASS">
          <reporter-output>
          </reporter-output>
        </test-method> <!-- initializePageObjects -->
        <test-method signature="verifyDashboardHeaderLogoIsDisplayed()[pri:2, instance:com.marriott.ui.tests.regressionTests.DashboardTest@30b7c004]" started-at="2026-07-02T00:44:38 EDT" name="verifyDashboardHeaderLogoIsDisplayed" description="Verify the Marriott Bonvoy Dashboard header logo is displayed." finished-at="2026-07-02T00:44:42 EDT" duration-ms="4651" status="PASS">
          <reporter-output>
          </reporter-output>
        </test-method> <!-- verifyDashboardHeaderLogoIsDisplayed -->
        <test-method is-config="true" signature="tearDown()[pri:0, instance:com.marriott.ui.tests.regressionTests.DashboardTest@30b7c004]" started-at="2026-07-02T00:44:42 EDT" name="tearDown" finished-at="2026-07-02T00:44:43 EDT" duration-ms="536" status="PASS">
          <reporter-output>
          </reporter-output>
        </test-method> <!-- tearDown -->
      </class> <!-- com.marriott.ui.tests.regressionTests.DashboardTest -->
    </test> <!-- Dashboard Regression Tests -->
  </suite> <!-- Marriott UI Regression Test Suite -->
</testng-results>
